<?xml version="1.0" encoding="UTF-8"?>
<!-- Generated by org.testng.reporters.JUnitReportReporter -->
<testsuite hostname="MACPRO533.local" failures="0" tests="1" name="src.main.java.Testngexample" time="0.002" errors="0" timestamp="2024-04-25T15:07:21 IST" skipped="0">
  <testcase classname="src.main.java.Testngexample" name="testcase" time="0.002"/>
  <system-out/>
</testsuite> <!-- src.main.java.Testngexample -->
