<?xml version="1.0" encoding="UTF-8"?>
<!-- Generated by org.testng.reporters.JUnitReportReporter -->
<testsuite hostname="MACPRO533.local" failures="0" tests="1" name="src.main.java.testngexample1" time="0.002" errors="0" timestamp="2024-04-25T15:04:35 IST" skipped="0">
  <testcase classname="src.main.java.testngexample1" name="testcases1" time="0.002"/>
  <system-out/>
</testsuite> <!-- src.main.java.testngexample1 -->
